2017-10-15 09:07:45,590 [Worker-17] INFO  o.e.m.c.i.l.LifecycleMappingFactory - Using org.eclipse.m2e.jdt.JarLifecycleMapping lifecycle mapping for MavenProject: cn.edu.gdpu.rpis:aopTest:0.0.1-SNAPSHOT @ C:\Users\Smile\Desktop\AOPTest\pom.xml.
2017-10-15 09:07:49,675 [Worker-17] INFO  o.e.m.j.i.AbstractJavaProjectConfigurator - Adding source folder /aopTest/src/main/java
2017-10-15 09:07:49,676 [Worker-17] INFO  o.e.m.j.i.AbstractJavaProjectConfigurator - Adding resource folder /aopTest/src/main/resources
2017-10-15 09:07:49,678 [Worker-17] INFO  o.e.m.j.i.AbstractJavaProjectConfigurator - Adding resource folder /aopTest/src/main/resources
2017-10-15 09:07:49,693 [Worker-17] INFO  o.e.m.j.i.AbstractJavaProjectConfigurator - Adding source folder /aopTest/src/test/java
2017-10-15 09:07:50,166 [Worker-17] INFO  o.e.m.c.i.p.ProjectConfigurationManager - Imported and configured 1 project(s) in 14 sec
2017-10-15 09:08:00,598 [Worker-5] INFO  o.e.m.c.i.embedder.EclipseLogger - Using 'UTF-8' encoding to copy filtered resources.
2017-10-15 09:08:00,605 [Worker-5] INFO  o.e.m.c.i.embedder.EclipseLogger - Copying 1 resource
2017-10-15 09:08:00,638 [Worker-5] INFO  o.e.m.c.i.embedder.EclipseLogger - Copying 0 resource
2017-10-15 09:08:00,643 [Worker-5] INFO  o.e.m.c.i.embedder.EclipseLogger - Using 'UTF-8' encoding to copy filtered resources.
2017-10-15 09:08:00,643 [Worker-5] INFO  o.e.m.c.i.embedder.EclipseLogger - skip non existing resourceDirectory C:\Users\Smile\Desktop\AOPTest\src\test\resources
2017-10-15 09:10:57,106 [Worker-16] INFO  o.e.m.c.i.l.LifecycleMappingFactory - Using org.eclipse.m2e.jdt.JarLifecycleMapping lifecycle mapping for MavenProject: cn.edu.gdpu.rpis:aopTest:0.0.1-SNAPSHOT @ C:\Users\Smile\Desktop\AOPTest\pom.xml.
2017-10-15 09:10:58,120 [Worker-16] INFO  o.e.m.j.i.AbstractJavaProjectConfigurator - Adding source folder /aopTest/src/main/java
2017-10-15 09:10:58,121 [Worker-16] INFO  o.e.m.j.i.AbstractJavaProjectConfigurator - Adding resource folder /aopTest/src/main/resources
2017-10-15 09:10:58,121 [Worker-16] INFO  o.e.m.j.i.AbstractJavaProjectConfigurator - Adding resource folder /aopTest/src/main/resources
2017-10-15 09:10:58,122 [Worker-16] INFO  o.e.m.j.i.AbstractJavaProjectConfigurator - Adding source folder /aopTest/src/test/java
2017-10-15 09:10:58,280 [Worker-16] INFO  o.e.m.c.i.p.ProjectConfigurationManager - Imported and configured 1 project(s) in 2 sec
2017-10-15 09:10:59,795 [Worker-19] INFO  o.e.m.c.i.embedder.EclipseLogger - Using 'UTF-8' encoding to copy filtered resources.
2017-10-15 09:10:59,796 [Worker-19] INFO  o.e.m.c.i.embedder.EclipseLogger - Copying 1 resource
2017-10-15 09:10:59,813 [Worker-19] INFO  o.e.m.c.i.embedder.EclipseLogger - Copying 0 resource
2017-10-15 09:10:59,817 [Worker-19] INFO  o.e.m.c.i.embedder.EclipseLogger - Using 'UTF-8' encoding to copy filtered resources.
2017-10-15 09:10:59,817 [Worker-19] INFO  o.e.m.c.i.embedder.EclipseLogger - skip non existing resourceDirectory C:\Users\Smile\Desktop\AOPTest\src\test\resources
2017-10-15 09:13:30,323 [Worker-16] INFO  o.e.m.c.i.l.LifecycleMappingFactory - Using org.eclipse.m2e.jdt.JarLifecycleMapping lifecycle mapping for MavenProject: cn.exercise:demo:0.0.1-SNAPSHOT @ D:\workplaces\spring tool suite\workExercise\AOPLearning\AOPLeaningdemo\pom.xml.
2017-10-15 09:13:32,192 [Worker-16] INFO  o.e.m.j.i.AbstractJavaProjectConfigurator - Adding source folder /AOPLeaningdemo/src/main/java
2017-10-15 09:13:32,192 [Worker-16] INFO  o.e.m.j.i.AbstractJavaProjectConfigurator - Adding resource folder /AOPLeaningdemo/src/main/resources
2017-10-15 09:13:32,205 [Worker-16] INFO  o.e.m.j.i.AbstractJavaProjectConfigurator - Adding resource folder /AOPLeaningdemo/src/main/resources
2017-10-15 09:13:32,221 [Worker-16] INFO  o.e.m.j.i.AbstractJavaProjectConfigurator - Adding source folder /AOPLeaningdemo/src/test/java
2017-10-15 09:13:33,180 [Worker-16] INFO  o.e.m.c.i.p.ProjectConfigurationManager - Imported and configured 1 project(s) in 4 sec
2017-10-15 09:13:33,183 [Worker-16] INFO  o.e.m.c.i.p.ProjectConfigurationManager - Update started
2017-10-15 09:13:33,910 [Worker-16] INFO  o.e.m.c.i.l.LifecycleMappingFactory - Using org.eclipse.m2e.jdt.JarLifecycleMapping lifecycle mapping for MavenProject: cn.exercise:demo:0.0.1-SNAPSHOT @ D:\workplaces\spring tool suite\workExercise\AOPLearning\AOPLeaningdemo\pom.xml.
2017-10-15 09:13:34,679 [Worker-16] INFO  o.e.m.j.i.AbstractJavaProjectConfigurator - Adding source folder /AOPLeaningdemo/src/main/java
2017-10-15 09:13:34,679 [Worker-16] INFO  o.e.m.j.i.AbstractJavaProjectConfigurator - Adding resource folder /AOPLeaningdemo/src/main/resources
2017-10-15 09:13:34,682 [Worker-16] INFO  o.e.m.j.i.AbstractJavaProjectConfigurator - Adding resource folder /AOPLeaningdemo/src/main/resources
2017-10-15 09:13:34,688 [Worker-16] INFO  o.e.m.j.i.AbstractJavaProjectConfigurator - Adding source folder /AOPLeaningdemo/src/test/java
2017-10-15 09:13:35,750 [Worker-16] INFO  o.e.m.c.i.p.ProjectConfigurationManager - Update completed: 2 sec
2017-10-15 09:13:38,211 [Worker-17] INFO  o.e.m.c.i.embedder.EclipseLogger - Using 'UTF-8' encoding to copy filtered resources.
2017-10-15 09:13:38,212 [Worker-17] INFO  o.e.m.c.i.embedder.EclipseLogger - Copying 1 resource
2017-10-15 09:13:38,225 [Worker-17] INFO  o.e.m.c.i.embedder.EclipseLogger - Copying 0 resource
2017-10-15 09:13:38,229 [Worker-17] INFO  o.e.m.c.i.embedder.EclipseLogger - Using 'UTF-8' encoding to copy filtered resources.
2017-10-15 09:13:38,229 [Worker-17] INFO  o.e.m.c.i.embedder.EclipseLogger - skip non existing resourceDirectory D:\workplaces\spring tool suite\workExercise\AOPLearning\AOPLeaningdemo\src\test\resources
2017-10-15 09:14:04,390 [Worker-2] INFO  o.e.m.c.i.embedder.EclipseLogger - Using 'UTF-8' encoding to copy filtered resources.
2017-10-15 09:14:04,394 [Worker-2] INFO  o.e.m.c.i.embedder.EclipseLogger - Copying 1 resource
2017-10-15 09:14:04,397 [Worker-2] INFO  o.e.m.c.i.embedder.EclipseLogger - Copying 0 resource
2017-10-15 09:14:04,402 [Worker-2] INFO  o.e.m.c.i.embedder.EclipseLogger - Using 'UTF-8' encoding to copy filtered resources.
2017-10-15 09:14:04,403 [Worker-2] INFO  o.e.m.c.i.embedder.EclipseLogger - skip non existing resourceDirectory D:\workplaces\spring tool suite\workExercise\AOPLearning\AOPLeaningdemo\src\test\resources
2017-10-15 09:14:54,481 [Worker-8] INFO  o.e.m.c.i.l.LifecycleMappingFactory - Using org.eclipse.m2e.jdt.JarLifecycleMapping lifecycle mapping for MavenProject: cn.edu.gdpu.rpis:aopTest:0.0.1-SNAPSHOT @ D:\workplaces\spring tool suite\workExercise\AOPLearning\AOPLeaningdemo\pom.xml.
2017-10-15 09:14:55,133 [Worker-8] INFO  o.e.m.c.i.embedder.EclipseLogger - Using 'UTF-8' encoding to copy filtered resources.
2017-10-15 09:14:55,135 [Worker-8] INFO  o.e.m.c.i.embedder.EclipseLogger - Copying 0 resource
2017-10-15 09:14:55,135 [Worker-8] INFO  o.e.m.c.i.embedder.EclipseLogger - Copying 0 resource
2017-10-15 09:14:55,139 [Worker-8] INFO  o.e.m.c.i.embedder.EclipseLogger - Using 'UTF-8' encoding to copy filtered resources.
2017-10-15 09:14:55,140 [Worker-8] INFO  o.e.m.c.i.embedder.EclipseLogger - skip non existing resourceDirectory D:\workplaces\spring tool suite\workExercise\AOPLearning\AOPLeaningdemo\src\test\resources
2017-10-15 09:14:58,606 [Worker-16] INFO  o.e.m.c.i.embedder.EclipseLogger - Using 'UTF-8' encoding to copy filtered resources.
2017-10-15 09:14:58,607 [Worker-16] INFO  o.e.m.c.i.embedder.EclipseLogger - Copying 1 resource
2017-10-15 09:14:58,622 [Worker-16] INFO  o.e.m.c.i.embedder.EclipseLogger - Copying 0 resource
2017-10-15 09:14:58,625 [Worker-16] INFO  o.e.m.c.i.embedder.EclipseLogger - Using 'UTF-8' encoding to copy filtered resources.
2017-10-15 09:14:58,626 [Worker-16] INFO  o.e.m.c.i.embedder.EclipseLogger - skip non existing resourceDirectory D:\workplaces\spring tool suite\workExercise\AOPLearning\AOPLeaningdemo\src\test\resources
